0 info it worked if it ends with ok
1 verbose cli [ '/usr/bin/node', '/usr/bin/npm', 'run-script', 'build' ]
2 info using npm@3.5.2
3 info using node@v8.10.0
4 verbose run-script [ 'prebuild', 'build', 'postbuild' ]
5 info lifecycle jquery-ui-trello-clone@1.0.0~prebuild: jquery-ui-trello-clone@1.0.0
6 silly lifecycle jquery-ui-trello-clone@1.0.0~prebuild: no script for prebuild, continuing
7 info lifecycle jquery-ui-trello-clone@1.0.0~build: jquery-ui-trello-clone@1.0.0
8 verbose lifecycle jquery-ui-trello-clone@1.0.0~build: unsafe-perm in lifecycle true
9 verbose lifecycle jquery-ui-trello-clone@1.0.0~build: PATH: /usr/share/npm/bin/node-gyp-bin:/mnt/c/Users/Nils/Documents/Projects/jquery-ui-trello-clone/node_modules/.bin:/usr/local/sbin:/usr/local/bin:/usr/sbin:/usr/bin:/sbin:/bin:/usr/games:/usr/local/games:/mnt/c/Windows/System32:/mnt/c/Windows:/mnt/c/Windows/System32/wbem:/mnt/c/Windows/System32/WindowsPowerShell/v1.0:/mnt/c/Program Files (x86)/NVIDIA Corporation/PhysX/Common:/mnt/c/Program Files/Git/cmd:/mnt/c/Program Files/dotnet:/mnt/c/Program Files/Microsoft SQL Server/130/Tools/Binn:/mnt/c/Windows/System32:/mnt/c/Windows:/mnt/c/Windows/System32/wbem:/mnt/c/Windows/System32/WindowsPowerShell/v1.0:/mnt/c/Windows/System32/OpenSSH:/mnt/c/Program Files/Microsoft VS Code/bin:/mnt/c/PHP:/mnt/c/ProgramData/ComposerSetup/bin:/mnt/c/Program Files/NVIDIA Corporation/NVIDIA NvDLISR:/mnt/c/Program Files/PuTTY:/mnt/c/HashiCorp/Vagrant/bin:/mnt/c/Users/Nils/AppData/Local/Microsoft/WindowsApps:/mnt/c/Program Files/Microsoft VS Code/bin:/mnt/c/Users/Nils/AppData/Local/GitHubDesktop/bin:/mnt/c/Users/Nils/AppData/Local/hyper/app-2.0.0/resources/bin:/mnt/c/Users/Nils/AppData/Roaming/Composer/vendor/bin:/mnt/c/Users/Nils/AppData/Roaming/Composer/vendor/bin:/snap/bin
10 verbose lifecycle jquery-ui-trello-clone@1.0.0~build: CWD: /mnt/c/Users/Nils/Documents/Projects/jquery-ui-trello-clone
11 silly lifecycle jquery-ui-trello-clone@1.0.0~build: Args: [ '-c', 'NODE_ENV=production webpack --mode -w production' ]
12 silly lifecycle jquery-ui-trello-clone@1.0.0~build: Returned: code: 1  signal: null
13 info lifecycle jquery-ui-trello-clone@1.0.0~build: Failed to exec build script
14 verbose stack Error: jquery-ui-trello-clone@1.0.0 build: `NODE_ENV=production webpack --mode -w production`
14 verbose stack Exit status 1
14 verbose stack     at EventEmitter.<anonymous> (/usr/share/npm/lib/utils/lifecycle.js:232:16)
14 verbose stack     at emitTwo (events.js:126:13)
14 verbose stack     at EventEmitter.emit (events.js:214:7)
14 verbose stack     at ChildProcess.<anonymous> (/usr/share/npm/lib/utils/spawn.js:24:14)
14 verbose stack     at emitTwo (events.js:126:13)
14 verbose stack     at ChildProcess.emit (events.js:214:7)
14 verbose stack     at maybeClose (internal/child_process.js:925:16)
14 verbose stack     at Process.ChildProcess._handle.onexit (internal/child_process.js:209:5)
15 verbose pkgid jquery-ui-trello-clone@1.0.0
16 verbose cwd /mnt/c/Users/Nils/Documents/Projects/jquery-ui-trello-clone
17 error Linux 4.4.0-17134-Microsoft
18 error argv "/usr/bin/node" "/usr/bin/npm" "run-script" "build"
19 error node v8.10.0
20 error npm  v3.5.2
21 error code ELIFECYCLE
22 error jquery-ui-trello-clone@1.0.0 build: `NODE_ENV=production webpack --mode -w production`
22 error Exit status 1
23 error Failed at the jquery-ui-trello-clone@1.0.0 build script 'NODE_ENV=production webpack --mode -w production'.
23 error Make sure you have the latest version of node.js and npm installed.
23 error If you do, this is most likely a problem with the jquery-ui-trello-clone package,
23 error not with npm itself.
23 error Tell the author that this fails on your system:
23 error     NODE_ENV=production webpack --mode -w production
23 error You can get information on how to open an issue for this project with:
23 error     npm bugs jquery-ui-trello-clone
23 error Or if that isn't available, you can get their info via:
23 error     npm owner ls jquery-ui-trello-clone
23 error There is likely additional logging output above.
24 verbose exit [ 1, true ]
